[2016-11-05 10:00:16] START
[2016-11-05 10:05:46] EDIT gestionale/models/menu.py: 12
[2016-11-05 10:13:25] EDIT gestionale/models/menu.py: -10
[2016-11-05 10:13:37] EDIT gestionale/models/menu.py: 0
[2016-11-05 10:14:10] EDIT gestionale/models/menu.py: 0
[2016-11-05 10:14:34] EDIT gestionale/models/menu.py: 0
[2016-11-05 10:14:54] EDIT gestionale/models/menu.py: 0
[2016-11-05 10:15:27] EDIT gestionale/models/menu.py: 1
[2016-11-05 10:16:00] EDIT gestionale/models/menu.py: 0
[2016-11-05 10:18:57] EDIT gestionale/models/menu.py: -103
[2016-11-05 10:20:24] EDIT gestionale/views/default/index.html: -48
[2016-11-05 10:22:32] EDIT gestionale/views/layout.html: 0
[2016-11-05 10:24:10] EDIT gestionale/views/layout.html: -1
[2016-11-05 10:25:11] EDIT gestionale/views/layout.html: 1
[2016-11-05 10:26:50] EDIT gestionale/views/layout.html: 0
[2016-11-05 10:28:01] EDIT gestionale/views/layout.html: 0
[2016-11-05 10:28:16] EDIT gestionale/views/layout.html: -1
[2016-11-05 10:29:54] EDIT gestionale/controllers/default.py: 0
[2016-11-05 10:31:46] EDIT gestionale/models/menu.py: 3
[2016-11-05 10:39:17] EDIT gestionale/models/menu.py: 3
[2016-11-05 10:39:42] EDIT gestionale/models/menu.py: -1
[2016-11-05 10:42:45] EDIT gestionale/models/menu.py: 4
[2016-11-05 10:51:42] EDIT gestionale/models/menu.py: 4
[2016-11-05 15:57:08] EDIT gestionale/models/db.py: 4
[2016-11-05 16:00:14] EDIT gestionale/controllers/default.py: -2
[2016-11-05 16:01:19] EDIT gestionale/controllers/default.py: 0
[2016-11-05 16:02:18] EDIT gestionale/models/db.py: 1
[2016-11-05 16:02:42] EDIT gestionale/models/db.py: 0
[2016-11-05 16:03:07] EDIT gestionale/controllers/default.py: 0
[2016-11-05 16:03:41] CREATE default/anagrafica_clienti.html: 0
[2016-11-05 16:03:58] EDIT gestionale/views/default/anagrafica_clienti.html: -1
[2016-11-05 16:04:36] CREATE carpal/anagrafica_clienti.html: 0
[2016-11-05 16:04:50] CREATE gestionale/anagrafica_clienti.html: 0
[2016-11-05 16:05:53] EDIT gestionale/views/gestionale/anagrafica_clienti.html: 0
[2016-11-05 16:07:18] EDIT gestionale/controllers/default.py: 0
[2016-11-05 16:07:29] EDIT gestionale/controllers/default.py: 0
[2016-11-05 16:12:32] EDIT gestionale/models/db.py: 0
[2016-11-05 16:13:55] EDIT gestionale/controllers/default.py: 0
[2016-11-05 16:17:44] EDIT gestionale/controllers/default.py: 0
[2016-11-05 16:19:18] EDIT gestionale/controllers/default.py: 0
[2016-11-05 16:22:34] EDIT gestionale/models/db.py: 0
[2016-11-05 16:32:50] EDIT gestionale/models/menu.py: 1
[2016-11-05 16:36:54] EDIT gestionale/models/db.py: 10
[2016-11-05 16:37:15] EDIT gestionale/models/db.py: 0
[2016-11-05 16:37:42] EDIT gestionale/models/db.py: 0
[2016-11-05 16:37:54] EDIT gestionale/models/db.py: 0
[2016-11-05 16:38:50] EDIT gestionale/models/menu.py: 0
[2016-11-05 16:39:19] EDIT gestionale/models/db.py: 0
[2016-11-05 16:40:11] EDIT gestionale/models/db.py: 0
[2016-11-05 16:40:34] EDIT gestionale/models/db.py: 0
[2016-11-05 16:41:37] EDIT gestionale/controllers/default.py: 4
[2016-11-05 16:41:57] EDIT gestionale/models/menu.py: 0
[2016-11-05 16:42:04] EDIT gestionale/models/menu.py: 0
[2016-11-05 16:43:08] EDIT gestionale/controllers/default.py: 0
[2016-11-05 16:44:45] EDIT gestionale/views/default/anagrafica_clienti.html: 3
[2016-11-05 16:45:04] CREATE default/gestione_sottoconti.html.py: 0
[2016-11-05 16:45:19] CREATE default/gestione_sottoconti.html: 0
[2016-11-05 16:45:31] EDIT gestionale/views/default/gestione_sottoconti.html: 2
[2016-11-05 16:45:59] EDIT gestionale/views/default/gestione_sottoconti.html: 0
[2016-11-05 17:05:46] EDIT gestionale/models/db.py: 0
[2016-11-05 17:08:12] EDIT gestionale/models/db.py: 0
[2016-11-05 17:08:45] EDIT gestionale/controllers/default.py: 0
[2016-11-05 17:09:09] EDIT gestionale/views/default/gestione_sottoconti.html: 0
[2016-11-05 17:09:19] CREATE default/anagrafica_sottoconti.html: 0
[2016-11-05 17:09:30] EDIT gestionale/views/default/anagrafica_clienti.html: 0
[2016-11-05 17:09:53] EDIT gestionale/models/menu.py: 0
[2016-11-05 17:10:59] EDIT gestionale/models/db.py: 0
[2016-11-05 17:11:30] EDIT gestionale/models/db.py: 0
[2016-11-05 17:12:10] EDIT gestionale/controllers/default.py: 0
[2016-11-05 17:12:34] EDIT gestionale/controllers/default.py: 0
[2016-11-05 17:12:52] EDIT gestionale/controllers/default.py: 0
[2016-11-05 17:13:37] EDIT gestionale/views/default/anagrafica_sottoconti.html: 0
[2016-11-05 17:17:43] EDIT gestionale/views/default/anagrafica_clienti.html: 0
[2016-11-05 17:18:37] EDIT gestionale/models/db.py: 0
[2016-11-05 17:28:31] EDIT gestionale/models/db.py: 0
[2016-11-05 17:29:06] EDIT gestionale/models/db.py: 0
[2016-11-05 18:11:49] EDIT gestionale/controllers/default.py: 4
[2016-11-05 18:12:21] EDIT gestionale/models/menu.py: 0
[2016-11-05 18:12:47] CREATE default/gestione_piano_dei_conti.html: 0
[2016-11-05 18:13:12] EDIT gestionale/views/default/gestione_piano_dei_conti.html: 0
[2016-11-05 18:13:58] EDIT gestionale/models/db.py: 1
[2016-11-05 18:14:39] EDIT gestionale/controllers/default.py: 0
[2016-11-06 10:29:51] EDIT gestionale/controllers/default.py: 0
[2016-11-06 10:31:58] EDIT gestionale/views/default/gestione_piano_dei_conti.html: 4
[2016-11-06 10:32:28] EDIT gestionale/controllers/default.py: 0
[2016-11-06 10:37:07] EDIT gestionale/models/db.py: 3
[2016-11-06 10:38:21] EDIT gestionale/controllers/default.py: 0
[2016-11-06 10:41:18] EDIT gestionale/views/default/gestione_piano_dei_conti.html: 2
[2016-11-06 10:41:44] EDIT gestionale/views/default/gestione_piano_dei_conti.html: 0
[2016-11-06 10:43:19] EDIT gestionale/controllers/default.py: 2
[2016-11-06 10:43:41] EDIT gestionale/controllers/default.py: 0
[2016-11-06 10:43:51] EDIT gestionale/controllers/default.py: 0
[2016-11-06 10:44:02] EDIT gestionale/controllers/default.py: 0
[2016-11-06 10:44:29] EDIT gestionale/controllers/default.py: 0
[2016-11-06 10:45:01] EDIT gestionale/views/default/gestione_piano_dei_conti.html: 0
[2016-11-06 10:46:25] EDIT gestionale/controllers/default.py: 0
[2016-11-06 10:47:24] EDIT gestionale/views/default/gestione_piano_dei_conti.html: -1
[2016-11-06 10:47:54] EDIT gestionale/views/default/gestione_piano_dei_conti.html: 1
[2016-11-06 10:49:15] CREATE default/tabella_piano_dei_conti.html: 0
[2016-11-06 10:49:27] EDIT gestionale/views/default/tabella_piano_dei_conti.html: -1
[2016-11-06 10:50:22] EDIT gestionale/views/default/tabella_piano_dei_conti.html: -1
[2016-11-06 10:51:08] EDIT gestionale/views/default/gestione_piano_dei_conti.html: 0
[2016-11-06 10:51:50] EDIT gestionale/models/db.py: 0
[2016-11-06 10:53:21] EDIT gestionale/views/default/gestione_piano_dei_conti.html: 2
[2016-11-06 10:53:39] EDIT gestionale/views/default/gestione_piano_dei_conti.html: 0
[2016-11-06 11:02:52] EDIT gestionale/models/db.py: 6
[2016-11-06 11:05:39] EDIT gestionale/models/db.py: 7
[2016-11-06 11:10:34] EDIT gestionale/models/db.py: 0
[2016-11-06 11:17:20] EDIT gestionale/models/menu.py: 0
[2016-11-06 11:18:10] EDIT gestionale/controllers/default.py: 0
[2016-11-06 11:19:56] EDIT gestionale/models/db.py: 0
[2016-11-06 11:20:57] EDIT gestionale/controllers/default.py: 0
[2016-11-06 11:21:05] CREATE default/anagrafica_piano_dei_conti.html: 0
[2016-11-06 11:21:29] EDIT gestionale/views/default/anagrafica_piano_dei_conti.html: 0
[2016-11-06 11:22:56] EDIT gestionale/models/db.py: 0
[2016-11-06 11:23:16] EDIT gestionale/models/db.py: 0
[2016-11-06 11:24:01] EDIT gestionale/views/default/anagrafica_piano_dei_conti.html: 0
[2016-11-06 11:24:15] EDIT gestionale/views/default/anagrafica_piano_dei_conti.html: 0
[2016-11-06 11:36:57] EDIT gestionale/views/layout.html: 12
[2016-11-06 11:45:02] EDIT gestionale/views/layout.html: 8
[2016-11-06 11:46:26] EDIT gestionale/views/default/gestione_piano_dei_conti.html: 0
[2016-11-06 11:47:06] EDIT gestionale/static/js/gestionale.js: -1
[2016-11-06 11:47:22] EDIT gestionale/views/layout.html: 0
[2016-11-06 11:49:17] EDIT gestionale/controllers/default.py: 5
[2016-11-06 11:49:23] EDIT gestionale/controllers/default.py: 0
[2016-11-06 11:50:27] EDIT gestionale/controllers/default.py: 2
[2016-11-06 11:51:45] EDIT gestionale/views/layout.html: 0
[2016-11-06 11:52:43] EDIT gestionale/controllers/default.py: 1
[2016-11-06 11:54:35] EDIT gestionale/controllers/default.py: 0
[2016-11-06 11:56:28] EDIT gestionale/views/layout.html: 1
[2016-11-06 11:58:19] EDIT gestionale/views/layout.html: 1
[2016-11-06 11:59:20] EDIT gestionale/views/layout.html: 0
[2016-11-06 11:59:49] EDIT gestionale/views/layout.html: 0
[2016-11-06 12:03:58] EDIT gestionale/views/default/gestione_piano_dei_conti.html: 0
[2016-11-06 12:04:10] EDIT gestionale/views/default/gestione_piano_dei_conti.html: 0
[2016-11-06 12:05:02] EDIT gestionale/views/layout.html: -1
[2016-11-06 12:05:33] EDIT gestionale/controllers/default.py: 0
[2016-11-06 12:06:25] EDIT gestionale/controllers/default.py: 0
[2016-11-06 12:09:06] EDIT gestionale/controllers/default.py: 2
[2016-11-06 12:09:35] EDIT gestionale/controllers/default.py: 0
[2016-11-06 12:11:50] EDIT gestionale/controllers/default.py: 3
[2016-11-06 12:19:38] EDIT gestionale/controllers/default.py: 14
[2016-11-06 12:20:15] EDIT gestionale/controllers/default.py: 0
[2016-11-06 12:21:26] EDIT gestionale/controllers/default.py: 3
[2016-11-06 12:22:50] EDIT gestionale/controllers/default.py: 1
[2016-11-06 12:27:26] EDIT gestionale/controllers/default.py: 1
[2016-11-06 12:31:01] EDIT gestionale/controllers/default.py: 3
[2016-11-06 12:32:16] EDIT gestionale/controllers/default.py: 0
[2016-11-06 12:32:39] EDIT gestionale/controllers/default.py: 0
[2016-11-06 12:32:53] EDIT gestionale/controllers/default.py: 0
[2016-11-06 12:33:16] EDIT gestionale/controllers/default.py: -1
[2016-11-06 12:33:31] EDIT gestionale/controllers/default.py: -2
[2016-11-06 12:33:48] EDIT gestionale/controllers/default.py: 1
[2016-11-06 12:33:56] EDIT gestionale/controllers/default.py: 0
[2016-11-06 12:34:14] EDIT gestionale/controllers/default.py: 1
[2016-11-06 12:35:07] EDIT gestionale/controllers/default.py: 0
[2016-11-06 12:36:19] EDIT gestionale/controllers/default.py: -1
[2016-11-06 12:36:27] EDIT gestionale/controllers/default.py: 0
[2016-11-06 12:36:43] EDIT gestionale/controllers/default.py: 0
[2016-11-06 12:36:53] EDIT gestionale/controllers/default.py: 0
[2016-11-06 12:37:45] EDIT gestionale/controllers/default.py: 1
[2016-11-06 12:40:11] EDIT gestionale/controllers/default.py: 3
[2016-11-06 12:40:54] EDIT gestionale/views/layout.html: 1
[2016-11-06 12:43:32] EDIT gestionale/controllers/default.py: 6
[2016-11-06 12:46:42] EDIT gestionale/views/layout.html: 5
[2016-11-06 12:52:14] EDIT gestionale/models/menu.py: 1
[2016-11-06 12:53:20] EDIT gestionale/controllers/default.py: 4
[2016-11-06 12:53:43] EDIT gestionale/controllers/default.py: 0
[2016-11-06 12:53:52] EDIT gestionale/controllers/default.py: -2
[2016-11-06 12:54:08] EDIT gestionale/controllers/default.py: 3
[2016-11-06 12:54:22] EDIT gestionale/controllers/default.py: 0
[2016-11-06 12:54:31] EDIT gestionale/controllers/default.py: -1
[2016-11-06 12:55:16] CREATE default/ricerca_piano_dei_conti.html: 0
[2016-11-06 12:55:28] EDIT gestionale/views/default/ricerca_piano_dei_conti.html: 0
[2016-11-06 12:56:15] EDIT gestionale/controllers/default.py: 0
[2016-11-06 12:56:22] EDIT gestionale/views/default/ricerca_piano_dei_conti.html: 0
[2016-11-06 12:58:26] EDIT gestionale/controllers/default.py: 0
[2016-11-06 13:03:26] EDIT gestionale/controllers/default.py: 1
[2016-11-06 13:03:32] EDIT gestionale/controllers/default.py: 0
[2016-11-06 13:05:29] EDIT gestionale/controllers/default.py: 0
[2016-11-06 13:08:46] EDIT gestionale/models/db.py: 1
[2016-11-06 13:16:34] EDIT gestionale/controllers/default.py: 0
[2016-11-06 13:18:24] EDIT gestionale/controllers/default.py: 0
[2016-11-06 13:18:45] EDIT gestionale/controllers/default.py: 0
[2016-11-06 13:21:24] EDIT gestionale/controllers/default.py: 0
[2016-11-06 13:27:10] EDIT gestionale/private/appconfig.ini: 3
[2016-11-06 13:33:30] EDIT gestionale/controllers/default.py: 1
[2016-11-06 13:33:32] EDIT gestionale/controllers/default.py: 0
[2016-11-06 13:34:44] EDIT gestionale/controllers/default.py: 0
[2016-11-06 13:35:23] EDIT gestionale/controllers/default.py: 0
[2016-11-14 20:29:47] EDIT gestionale/models/db.py: 0
[2016-11-14 20:31:25] EDIT gestionale/models/menu.py: -1
[2016-11-14 20:38:13] EDIT gestionale/models/db.py: 10
[2016-11-14 22:09:53] EDIT gestionale/models/menu.py: 2
[2016-11-14 22:11:35] EDIT gestionale/models/db.py: 2
[2016-11-14 22:13:30] EDIT gestionale/controllers/default.py: 8
[2016-11-14 22:14:04] CREATE default/gestione_codici_causali.html: 0
[2016-11-14 22:14:12] CREATE default/gestione_codici_pagamenti.html: 0
[2016-11-14 22:15:06] EDIT gestionale/controllers/default.py: 0
[2016-11-14 22:15:55] EDIT gestionale/views/default/gestione_codici_causali.html: 0
[2016-11-14 22:16:06] EDIT gestionale/views/default/gestione_codici_pagamenti.html: 0
[2016-11-14 22:17:31] EDIT gestionale/models/db.py: 0
[2016-11-14 22:24:12] EDIT gestionale/models/db.py: 8
[2016-11-14 22:25:12] EDIT gestionale/models/db.py: 0
[2016-11-14 22:26:59] EDIT gestionale/models/db.py: 0
[2016-11-14 22:27:00] EDIT gestionale/models/db.py: 0
[2016-11-14 22:28:20] EDIT gestionale/models/db.py: 0
[2016-11-14 22:28:46] EDIT gestionale/models/db.py: 0
[2016-11-14 22:32:55] EDIT gestionale/models/db.py: 0
[2016-11-14 22:38:02] EDIT gestionale/models/db.py: 0
[2016-11-14 22:58:23] EDIT gestionale/controllers/default.py: 0
[2016-11-14 22:58:44] EDIT gestionale/controllers/default.py: 0
[2016-11-14 23:05:46] EDIT gestionale/controllers/default.py: 0
[2016-11-14 23:05:59] EDIT gestionale/controllers/default.py: 0
[2016-11-14 23:08:04] EDIT gestionale/models/db.py: 0
[2016-12-03 18:23:54] EDIT gestionale/models/menu.py: 1
[2016-12-03 18:24:36] EDIT gestionale/models/db.py: 1
[2016-12-03 18:27:09] EDIT gestionale/models/menu.py: 0
[2016-12-03 18:36:16] EDIT gestionale/models/menu.py: 1
[2016-12-03 18:39:34] EDIT gestionale/controllers/default.py: 2
[2016-12-03 18:39:49] CREATE default/ordini_clienti.html: 0
[2016-12-03 18:40:09] EDIT gestionale/controllers/default.py: 0
[2016-12-03 18:40:18] EDIT gestionale/controllers/default.py: 0
[2016-12-03 18:42:08] EDIT gestionale/views/default/ordini_clienti.html: 6
[2016-12-03 18:42:14] EDIT gestionale/views/default/ordini_clienti.html: 2
[2016-12-03 18:42:39] EDIT gestionale/views/default/ordini_clienti.html: 0
[2016-12-03 18:54:38] EDIT gestionale/models/db.py: 1
[2016-12-03 18:56:29] EDIT gestionale/controllers/default.py: 4
[2016-12-03 18:56:46] CREATE default/anagrafica_articoli.html: 0
[2016-12-03 18:57:03] EDIT gestionale/views/default/anagrafica_articoli.html: 0
[2016-12-03 18:57:39] EDIT gestionale/controllers/default.py: 0
[2016-12-03 18:58:01] EDIT gestionale/controllers/default.py: 0
[2016-12-03 18:58:19] EDIT gestionale/views/default/anagrafica_articoli.html: -1
[2016-12-03 18:59:58] EDIT gestionale/models/db.py: 0
[2016-12-03 19:01:13] EDIT gestionale/views/default/anagrafica_articoli.html: 3
[2016-12-03 19:04:38] EDIT gestionale/controllers/default.py: 3
[2016-12-03 19:08:41] EDIT gestionale/controllers/default.py: 0
[2016-12-03 19:08:47] EDIT gestionale/controllers/default.py: 0
[2016-12-03 19:08:53] EDIT gestionale/controllers/default.py: 0
[2016-12-03 19:09:12] EDIT gestionale/controllers/default.py: 0
[2016-12-03 19:10:17] EDIT gestionale/controllers/default.py: 0
[2016-12-03 19:10:58] EDIT gestionale/controllers/default.py: 0
[2016-12-03 19:12:30] EDIT gestionale/controllers/default.py: 3
[2016-12-03 19:12:44] CREATE default/anagrafica_articoli_2.html: 0
[2016-12-03 19:12:59] EDIT gestionale/controllers/default.py: 0
[2016-12-03 19:13:13] EDIT gestionale/views/default/anagrafica_articoli_2.html: -1
[2016-12-03 19:14:20] EDIT gestionale/controllers/default.py: 0
[2016-12-03 19:14:36] EDIT gestionale/views/default/anagrafica_articoli_2.html: -1
[2016-12-03 19:15:08] EDIT gestionale/controllers/default.py: 0
[2016-12-03 19:17:57] EDIT gestionale/controllers/default.py: 1
[2016-12-03 19:18:21] EDIT gestionale/views/default/anagrafica_articoli_2.html: 1
[2016-12-03 19:19:02] EDIT gestionale/controllers/default.py: 0
[2016-12-03 19:19:18] EDIT gestionale/controllers/default.py: 0
[2016-12-03 19:22:31] EDIT gestionale/controllers/default.py: -1
[2016-12-03 19:24:36] EDIT gestionale/controllers/default.py: 0
[2016-12-03 19:27:53] EDIT gestionale/controllers/default.py: 0
[2016-12-03 19:28:18] EDIT gestionale/controllers/default.py: 0
[2016-12-03 19:30:41] EDIT gestionale/controllers/default.py: 0
[2016-12-03 19:31:06] EDIT gestionale/controllers/default.py: 0
[2016-12-03 19:32:04] EDIT gestionale/controllers/default.py: 0
[2016-12-03 19:32:28] EDIT gestionale/controllers/default.py: 0
[2016-12-03 19:32:42] EDIT gestionale/controllers/default.py: 0
[2016-12-03 19:33:14] EDIT gestionale/controllers/default.py: 0
[2016-12-03 19:33:43] EDIT gestionale/controllers/default.py: 0
[2016-12-04 08:36:37] EDIT gestionale/controllers/default.py: 0
[2016-12-04 08:40:37] EDIT gestionale/controllers/default.py: 3
[2016-12-04 08:40:53] EDIT gestionale/views/default/anagrafica_articoli.html: 1
[2016-12-04 08:42:11] EDIT gestionale/controllers/default.py: 0
[2016-12-04 08:42:22] EDIT gestionale/controllers/default.py: 0
[2016-12-04 08:43:16] EDIT gestionale/controllers/default.py: 0
[2016-12-04 08:43:17] EDIT gestionale/controllers/default.py: 0
[2016-12-04 08:44:48] EDIT gestionale/controllers/default.py: 1
[2016-12-04 08:45:54] EDIT gestionale/controllers/default.py: -4
[2016-12-04 08:46:01] EDIT gestionale/views/default/anagrafica_articoli.html: 0
[2016-12-04 08:47:04] EDIT gestionale/views/default/anagrafica_articoli_2.html: 3
[2016-12-04 08:48:11] EDIT gestionale/controllers/default.py: 2
[2016-12-04 08:48:41] EDIT gestionale/controllers/default.py: 2
[2016-12-04 08:49:00] EDIT gestionale/controllers/default.py: 0
[2016-12-04 08:50:01] EDIT gestionale/views/default/anagrafica_articoli.html: -1
[2016-12-04 08:51:38] EDIT gestionale/controllers/default.py: 0
[2016-12-04 08:52:18] EDIT gestionale/controllers/default.py: 0
[2016-12-04 08:53:38] EDIT gestionale/controllers/default.py: -4
[2016-12-04 08:54:10] EDIT gestionale/controllers/default.py: 0
[2016-12-04 08:55:44] EDIT gestionale/controllers/default.py: 3
[2016-12-04 08:56:40] EDIT gestionale/controllers/default.py: 0
[2016-12-04 08:57:16] EDIT gestionale/controllers/default.py: 0
[2016-12-04 08:57:48] EDIT gestionale/controllers/default.py: 1
[2016-12-04 08:58:43] EDIT gestionale/controllers/default.py: 0
[2016-12-04 08:59:39] EDIT gestionale/models/db.py: 0
[2016-12-04 08:59:56] EDIT gestionale/controllers/default.py: 0
[2016-12-04 09:09:29] EDIT gestionale/models/db.py: 1
[2016-12-04 09:09:33] EDIT gestionale/models/db.py: 0
[2016-12-04 09:10:04] EDIT gestionale/models/db.py: 0
[2016-12-04 09:10:40] EDIT gestionale/models/db.py: 0
[2016-12-04 09:11:29] EDIT gestionale/models/db.py: -1
[2016-12-04 09:12:09] EDIT gestionale/models/db.py: 1
[2016-12-04 09:12:48] EDIT gestionale/models/db.py: 0
[2016-12-04 09:13:11] EDIT gestionale/models/db.py: 0
[2016-12-04 09:13:44] EDIT gestionale/models/db.py: 0
[2016-12-04 09:16:28] EDIT gestionale/controllers/default.py: 3
[2016-12-04 09:17:43] EDIT gestionale/controllers/default.py: 0
[2016-12-04 09:20:45] EDIT gestionale/controllers/default.py: 1
[2016-12-04 09:21:26] EDIT gestionale/controllers/default.py: 0
[2016-12-04 09:21:47] EDIT gestionale/controllers/default.py: 0
[2016-12-04 09:22:24] EDIT gestionale/controllers/default.py: 0
[2016-12-04 09:22:46] EDIT gestionale/controllers/default.py: 0
[2016-12-04 09:23:08] EDIT gestionale/controllers/default.py: 0
[2016-12-04 09:23:44] EDIT gestionale/controllers/default.py: 0
[2016-12-04 09:24:32] EDIT gestionale/controllers/default.py: 0
[2016-12-04 09:24:51] EDIT gestionale/controllers/default.py: 0
[2016-12-04 09:25:13] EDIT gestionale/controllers/default.py: 0
[2016-12-04 09:25:43] EDIT gestionale/views/default/anagrafica_articoli_2.html: 0
[2016-12-04 09:26:06] EDIT gestionale/controllers/default.py: 0
[2016-12-04 09:26:45] EDIT gestionale/controllers/default.py: 0
[2016-12-04 09:27:41] EDIT gestionale/controllers/default.py: 0
[2016-12-04 09:28:27] EDIT gestionale/controllers/default.py: 0
[2016-12-04 09:30:42] EDIT gestionale/controllers/default.py: 2
[2016-12-04 09:31:12] EDIT gestionale/controllers/default.py: 0
[2016-12-04 09:32:19] EDIT gestionale/controllers/default.py: 0
[2016-12-04 09:32:52] EDIT gestionale/controllers/default.py: 0
[2016-12-04 09:35:25] EDIT gestionale/controllers/default.py: 0
[2016-12-04 09:35:31] EDIT gestionale/controllers/default.py: 0
[2016-12-04 09:36:36] EDIT gestionale/controllers/default.py: 0
[2016-12-04 09:37:15] EDIT gestionale/controllers/default.py: 0
[2016-12-04 09:38:27] EDIT gestionale/controllers/default.py: -2
[2016-12-04 09:42:40] EDIT gestionale/controllers/default.py: 1
[2016-12-04 09:42:49] EDIT gestionale/controllers/default.py: 0
[2016-12-04 09:46:25] EDIT gestionale/controllers/default.py: 1
[2016-12-04 09:48:23] EDIT gestionale/controllers/default.py: 0
[2016-12-04 09:49:11] EDIT gestionale/controllers/default.py: 0
[2016-12-04 09:50:09] EDIT gestionale/controllers/default.py: 1
[2016-12-04 09:50:36] EDIT gestionale/controllers/default.py: 0
[2016-12-04 09:51:28] EDIT gestionale/controllers/default.py: -1
[2016-12-04 09:55:21] EDIT gestionale/controllers/default.py: 0
[2016-12-04 09:55:42] EDIT gestionale/controllers/default.py: 0
[2016-12-04 09:55:57] EDIT gestionale/controllers/default.py: 0
[2016-12-04 09:56:09] EDIT gestionale/controllers/default.py: 0
[2016-12-04 09:57:28] EDIT gestionale/controllers/default.py: 1
[2016-12-04 10:05:16] EDIT gestionale/controllers/default.py: 0
[2016-12-04 10:05:28] EDIT gestionale/controllers/default.py: 0
[2016-12-04 10:06:19] EDIT gestionale/controllers/default.py: 0
[2016-12-04 10:06:31] EDIT gestionale/controllers/default.py: 1
[2016-12-04 10:06:45] EDIT gestionale/controllers/default.py: 0
[2016-12-04 10:12:52] EDIT gestionale/views/default/anagrafica_articoli_2.html: 3
[2016-12-04 10:31:08] EDIT gestionale/controllers/default.py: 9
[2016-12-04 10:56:07] EDIT gestionale/controllers/default.py: 4
[2016-12-04 11:09:47] EDIT gestionale/models/db.py: 2
[2016-12-04 11:10:28] EDIT gestionale/models/db.py: 0
[2016-12-04 11:12:58] EDIT gestionale/models/db.py: -1
[2016-12-04 11:16:14] EDIT gestionale/models/db.py: 4
[2016-12-04 11:18:19] EDIT gestionale/models/menu.py: 2
[2016-12-04 11:19:45] EDIT gestionale/controllers/default.py: 4
[2016-12-04 11:20:02] CREATE default/anagrafica_codici_iva.html: 0
[2016-12-04 11:20:17] EDIT gestionale/views/default/anagrafica_codici_iva.html: -1
[2016-12-04 11:20:49] EDIT gestionale/views/default/anagrafica_codici_iva.html: 3
[2016-12-04 11:27:27] EDIT gestionale/models/db.py: 0
[2016-12-04 11:30:13] EDIT gestionale/models/db.py: 0
[2016-12-04 11:37:28] EDIT gestionale/controllers/default.py: 4
[2016-12-04 11:38:24] EDIT gestionale/controllers/default.py: 0
[2016-12-04 11:41:13] CREATE default/anagrafica_fornitori.html: 0
[2016-12-04 11:42:36] EDIT gestionale/views/default/anagrafica_fornitori.html: 0
[2016-12-04 12:02:09] EDIT gestionale/models/db.py: 1
[2016-12-04 12:03:16] EDIT gestionale/models/db.py: 0
[2016-12-04 12:06:40] EDIT gestionale/models/db.py: 0
[2016-12-04 12:07:01] EDIT gestionale/models/db.py: 0
[2016-12-04 12:31:16] EDIT gestionale/controllers/default.py: 4
[2016-12-04 12:31:36] CREATE default/anagrafica_banche.html: 0
[2016-12-04 12:31:54] EDIT gestionale/views/default/anagrafica_banche.html: 0
[2016-12-04 12:37:47] EDIT gestionale/models/db.py: 5
[2016-12-04 17:30:27] EDIT gestionale/views/default/anagrafica_banche.html: 10
[2016-12-04 17:33:28] EDIT gestionale/views/default/anagrafica_banche.html: 1
[2016-12-04 17:35:36] EDIT gestionale/controllers/default.py: 0
[2016-12-04 17:36:28] EDIT gestionale/controllers/default.py: 0
[2016-12-04 17:38:38] EDIT gestionale/models/db.py: 0
[2016-12-04 17:42:19] EDIT gestionale/models/db.py: 0
[2016-12-04 17:42:46] EDIT gestionale/controllers/default.py: 1
[2016-12-04 17:42:55] EDIT gestionale/controllers/default.py: 0
[2016-12-04 17:43:00] EDIT gestionale/controllers/default.py: 0
[2016-12-04 17:43:37] EDIT gestionale/controllers/default.py: 0
[2016-12-04 17:43:46] EDIT gestionale/controllers/default.py: 0
[2016-12-04 17:43:55] EDIT gestionale/controllers/default.py: 0
[2016-12-04 17:44:21] EDIT gestionale/controllers/default.py: 0
[2016-12-04 17:44:59] EDIT gestionale/controllers/default.py: 0
[2016-12-04 17:45:50] EDIT gestionale/controllers/default.py: 1
[2016-12-04 17:49:08] EDIT gestionale/controllers/default.py: 3
[2016-12-04 18:05:59] EDIT gestionale/models/db.py: 5
[2016-12-04 18:06:31] EDIT gestionale/models/db.py: 0
[2016-12-04 18:06:46] EDIT gestionale/models/db.py: 0
[2016-12-04 18:07:06] EDIT gestionale/models/db.py: 0
[2016-12-04 18:07:27] EDIT gestionale/models/db.py: 0
[2016-12-04 18:08:15] EDIT gestionale/models/db.py: 0
[2016-12-04 18:11:08] EDIT gestionale/models/db.py: 0
[2016-12-04 18:11:41] EDIT gestionale/models/db.py: -1
[2016-12-04 18:12:55] EDIT gestionale/models/db.py: 0
[2016-12-04 18:16:27] EDIT gestionale/controllers/default.py: 1
[2016-12-04 18:16:44] EDIT gestionale/controllers/default.py: 0
[2016-12-04 18:17:07] EDIT gestionale/controllers/default.py: 3
[2016-12-04 18:24:30] EDIT gestionale/models/menu.py: -2
[2016-12-29 10:32:50] EDIT gestionale/models/db.py: 0
[2016-12-29 10:33:30] EDIT gestionale/models/db.py: 0
[2016-12-29 10:37:07] EDIT gestionale/models/db.py: 0
[2016-12-29 10:37:43] EDIT gestionale/models/db.py: 0
[2016-12-29 10:56:23] EDIT gestionale/models/db.py: 2
[2016-12-29 10:56:36] EDIT gestionale/models/db.py: 0
[2016-12-29 10:57:43] EDIT gestionale/models/db.py: 0
[2016-12-29 11:00:02] EDIT gestionale/models/menu.py: 1
[2016-12-29 11:01:11] EDIT gestionale/models/db.py: 1
[2016-12-29 11:03:13] EDIT gestionale/models/db.py: 7
[2016-12-29 11:04:31] EDIT gestionale/models/db.py: 0
[2016-12-29 11:06:09] EDIT gestionale/controllers/default.py: 4
[2016-12-29 11:06:26] CREATE default/anagrafica_magazzini_interni.html: 0
[2016-12-29 11:06:45] EDIT gestionale/views/default/anagrafica_magazzini_interni.html: 0
[2016-12-29 11:07:12] EDIT gestionale/controllers/default.py: 0
[2016-12-29 11:07:31] EDIT gestionale/controllers/default.py: 0
[2016-12-29 11:07:35] EDIT gestionale/views/default/anagrafica_magazzini_interni.html: 0
[2016-12-29 11:22:12] EDIT gestionale/views/default/ordini_clienti.html: -8
[2016-12-29 11:30:55] EDIT gestionale/models/db.py: 0
[2016-12-29 11:31:04] EDIT gestionale/models/db.py: 0
[2016-12-29 11:31:14] EDIT gestionale/models/db.py: 0
[2016-12-29 11:31:24] EDIT gestionale/models/db.py: 0
[2016-12-29 11:31:49] EDIT gestionale/models/db.py: 0
[2016-12-29 12:09:17] EDIT gestionale/views/default/ordini_clienti.html: 10
[2016-12-29 12:11:00] EDIT gestionale/views/default/ordini_clienti.html: 1
[2016-12-29 12:11:28] EDIT gestionale/views/default/ordini_clienti.html: 0
[2016-12-29 12:14:07] EDIT gestionale/views/default/ordini_clienti.html: 2
[2016-12-29 12:15:56] EDIT gestionale/static/js/gestionale.js: 4
[2016-12-29 12:16:06] EDIT gestionale/views/default/ordini_clienti.html: 0
[2016-12-29 12:19:07] EDIT gestionale/views/default/ordini_clienti.html: 0
[2016-12-29 12:39:33] EDIT gestionale/views/default/ordini_clienti.html: 1
[2016-12-29 12:57:25] EDIT gestionale/views/default/ordini_clienti.html: 1
[2016-12-29 13:04:47] EDIT gestionale/models/db.py: 7
[2016-12-29 13:34:52] EDIT gestionale/views/default/ordini_clienti.html: 5
[2016-12-29 13:36:25] EDIT gestionale/views/default/ordini_clienti.html: 0
[2016-12-29 13:42:26] EDIT gestionale/models/db.py: 0
[2016-12-29 13:43:15] EDIT gestionale/models/db.py: 0
[2016-12-29 14:05:01] EDIT gestionale/models/db.py: 0
[2016-12-29 14:17:58] EDIT gestionale/models/db.py: 0
[2016-12-29 14:19:35] EDIT gestionale/models/db.py: 0
[2016-12-29 14:20:54] EDIT gestionale/models/db.py: 0
[2016-12-29 14:20:59] EDIT gestionale/models/db.py: 0
[2016-12-29 14:21:03] EDIT gestionale/models/db.py: 0
[2016-12-29 14:32:48] EDIT gestionale/views/default/anagrafica_articoli.html: 4
[2016-12-29 14:38:02] EDIT gestionale/views/default/anagrafica_articoli.html: -4
[2016-12-29 14:59:18] EDIT gestionale/models/db.py: 11
[2016-12-29 15:31:21] EDIT gestionale/models/db.py: 14
[2016-12-29 15:32:46] EDIT gestionale/models/db.py: 0
[2016-12-29 15:33:29] EDIT gestionale/models/db.py: 0
[2016-12-29 15:34:15] EDIT gestionale/models/db.py: 1
[2016-12-29 15:34:44] EDIT gestionale/models/db.py: 0
[2016-12-29 15:40:12] EDIT gestionale/models/db.py: 0
[2016-12-29 15:40:34] EDIT gestionale/models/db.py: 0
[2016-12-29 15:42:43] EDIT gestionale/models/db.py: 0
[2016-12-29 15:43:14] EDIT gestionale/views/default/anagrafica_articoli.html: 0
[2016-12-29 15:45:55] EDIT gestionale/models/db.py: 0
[2016-12-29 15:46:03] EDIT gestionale/models/db.py: 0
[2016-12-29 15:46:05] EDIT gestionale/models/db.py: 0
[2016-12-29 15:46:25] EDIT gestionale/models/db.py: 0
[2016-12-29 15:47:05] EDIT gestionale/models/db.py: 0
[2016-12-29 15:49:26] EDIT gestionale/models/db.py: 0
[2016-12-29 16:04:48] EDIT gestionale/models/db.py: 0
[2016-12-29 16:07:39] EDIT gestionale/models/db.py: 0
[2016-12-30 09:57:44] EDIT gestionale/models/menu.py: 1
[2016-12-30 10:01:19] EDIT gestionale/models/db.py: 0
[2016-12-30 10:01:54] CREATE default/anagrafica_listini.html: 0
[2016-12-30 10:02:05] EDIT gestionale/views/default/anagrafica_listini.html: 0
[2016-12-30 10:03:01] EDIT gestionale/views/default/anagrafica_listini.html: 0
[2016-12-30 10:13:35] EDIT gestionale/models/db.py: 0
[2016-12-30 10:19:25] EDIT gestionale/models/db.py: 0
[2016-12-30 11:06:26] CREATE default/aggiungi_articolo_a_listino.html: 0
[2016-12-30 11:06:40] EDIT gestionale/views/default/aggiungi_articolo_a_listino.html: 0
[2016-12-30 11:17:03] EDIT gestionale/models/db.py: -2
[2016-12-30 11:17:47] EDIT gestionale/models/db.py: -1
[2016-12-30 11:37:33] EDIT gestionale/views/default/aggiungi_articolo_a_listino.html: 0
[2016-12-30 11:37:50] EDIT gestionale/views/default/aggiungi_articolo_a_listino.html: 0
[2016-12-30 11:39:40] EDIT gestionale/models/db.py: 0
[2016-12-30 12:01:44] EDIT gestionale/views/default/aggiungi_articolo_a_listino.html: 0
[2016-12-30 12:32:04] EDIT gestionale/views/default/aggiungi_articolo_a_listino.html: 20
[2016-12-30 12:34:40] EDIT gestionale/views/default/aggiungi_articolo_a_listino.html: 0
[2016-12-30 12:36:05] EDIT gestionale/views/default/aggiungi_articolo_a_listino.html: 1
[2016-12-30 12:37:13] EDIT gestionale/views/default/aggiungi_articolo_a_listino.html: 0
[2016-12-30 12:37:15] EDIT gestionale/views/default/aggiungi_articolo_a_listino.html: 0
[2016-12-30 12:37:19] EDIT gestionale/views/default/aggiungi_articolo_a_listino.html: -1
[2016-12-30 13:11:41] EDIT gestionale/views/default/aggiungi_articolo_a_listino.html: 3
[2016-12-30 13:40:06] EDIT gestionale/models/db.py: 0
[2016-12-30 13:40:24] EDIT gestionale/models/db.py: 0
[2016-12-30 13:40:50] EDIT gestionale/models/db.py: 0
[2017-01-02 09:42:34] EDIT gestionale/models/db.py: 0
[2017-01-02 09:50:03] EDIT gestionale/models/db.py: 0
[2017-01-02 09:54:47] EDIT gestionale/models/db.py: 0
[2017-01-02 10:23:10] EDIT gestionale/models/db.py: 0
[2017-01-02 10:24:21] EDIT gestionale/models/db.py: 0
[2017-01-02 14:55:23] EDIT gestionale/models/db.py: 0
[2017-01-02 14:55:37] EDIT gestionale/models/db.py: 0
[2017-01-02 14:57:40] EDIT gestionale/models/db.py: 0
[2017-01-02 15:05:52] EDIT gestionale/models/db.py: 0
[2017-01-02 15:09:39] EDIT gestionale/models/db.py: 0
[2017-01-02 15:10:26] EDIT gestionale/models/db.py: 4
[2017-01-02 15:12:41] EDIT gestionale/models/db.py: 0
[2017-01-02 15:22:30] EDIT gestionale/models/db.py: 0
[2017-01-02 15:31:13] EDIT gestionale/models/db.py: 3
[2017-01-02 15:36:01] EDIT gestionale/models/db.py: 0
[2017-01-02 15:37:38] EDIT gestionale/models/db.py: -3
[2017-01-02 16:26:14] EDIT gestionale/models/db.py: 0
[2017-01-02 16:26:17] EDIT gestionale/models/db.py: 0
[2017-01-02 17:55:09] CREATE default/visualizza_articoli_in_listino.html: 0
[2017-01-02 17:56:11] EDIT gestionale/views/default/visualizza_articoli_in_listino.html: -1
[2017-01-02 18:07:41] EDIT gestionale/views/default/visualizza_articoli_in_listino.html: 1
[2017-01-02 18:28:18] EDIT gestionale/views/default/visualizza_articoli_in_listino.html: 0
[2017-01-02 18:36:46] EDIT gestionale/views/default/visualizza_articoli_in_listino.html: 0
[2017-01-02 18:41:18] EDIT gestionale/models/db.py: 0
[2017-01-02 18:41:33] EDIT gestionale/models/db.py: 0
[2017-01-02 18:44:54] EDIT gestionale/models/db.py: 0
[2017-01-03 16:01:02] EDIT gestionale/models/db.py: 1
[2017-01-03 16:08:06] EDIT gestionale/models/db.py: 0
[2017-01-03 17:04:22] CREATE default/aggiungi_righe_a_ordini_clienti.html: 0
[2017-01-03 17:05:06] EDIT gestionale/views/default/aggiungi_righe_a_ordini_clienti.html: -1
[2017-01-03 17:06:47] EDIT gestionale/views/default/aggiungi_righe_a_ordini_clienti.html: -1
[2017-01-03 17:08:19] EDIT gestionale/models/db.py: -1
[2017-01-03 17:09:36] EDIT gestionale/models/db.py: 1
[2017-01-03 17:20:31] EDIT gestionale/views/default/aggiungi_righe_a_ordini_clienti.html: 1
[2017-01-03 17:28:27] EDIT gestionale/views/default/ordini_clienti.html: 1
[2017-01-03 17:35:54] EDIT gestionale/views/default/ordini_clienti.html: -1
[2017-01-03 17:36:57] EDIT gestionale/views/default/aggiungi_righe_a_ordini_clienti.html: 0
[2017-01-03 17:38:17] EDIT gestionale/views/default/aggiungi_righe_a_ordini_clienti.html: 0
[2017-01-03 17:38:23] EDIT gestionale/views/default/aggiungi_righe_a_ordini_clienti.html: 0
[2017-01-03 17:40:19] CREATE t.html: 0
[2017-01-03 17:40:40] EDIT gestionale/views/default/aggiungi_righe_a_ordini_clienti.html: 0
[2017-01-03 19:26:34] EDIT gestionale/views/default/aggiungi_righe_a_ordini_clienti.html: 14
[2017-01-03 19:27:43] EDIT gestionale/views/default/aggiungi_righe_a_ordini_clienti.html: 0
[2017-01-03 19:28:22] EDIT gestionale/views/default/aggiungi_righe_a_ordini_clienti.html: 0
[2017-01-03 19:29:30] EDIT gestionale/views/default/aggiungi_righe_a_ordini_clienti.html: 1
[2017-01-03 19:51:22] EDIT gestionale/views/default/aggiungi_righe_a_ordini_clienti.html: 11
[2017-01-03 19:52:43] EDIT gestionale/views/default/aggiungi_righe_a_ordini_clienti.html: 1
[2017-01-03 19:55:21] EDIT gestionale/views/default/aggiungi_righe_a_ordini_clienti.html: 2
[2017-01-03 19:58:45] EDIT gestionale/views/default/aggiungi_righe_a_ordini_clienti.html: 0
[2017-01-03 19:59:10] EDIT gestionale/views/default/aggiungi_righe_a_ordini_clienti.html: 0
[2017-01-03 19:59:21] EDIT gestionale/views/default/aggiungi_righe_a_ordini_clienti.html: 0
[2017-01-03 20:00:27] EDIT gestionale/views/default/aggiungi_righe_a_ordini_clienti.html: 0
[2017-01-03 20:03:14] EDIT gestionale/views/default/aggiungi_righe_a_ordini_clienti.html: 4
[2017-01-03 20:03:44] EDIT gestionale/views/default/aggiungi_righe_a_ordini_clienti.html: 0
[2017-01-03 20:04:20] EDIT gestionale/views/default/aggiungi_righe_a_ordini_clienti.html: -1
[2017-01-03 20:45:19] EDIT gestionale/views/default/aggiungi_righe_a_ordini_clienti.html: 0
[2017-01-03 20:45:34] EDIT gestionale/views/default/aggiungi_righe_a_ordini_clienti.html: 1
[2017-01-03 20:46:34] EDIT gestionale/views/default/aggiungi_righe_a_ordini_clienti.html: 0
[2017-01-03 20:46:40] EDIT gestionale/views/default/aggiungi_righe_a_ordini_clienti.html: -1
[2017-01-03 20:50:32] EDIT gestionale/static/js/gestionale.js: 4
[2017-01-03 20:51:03] EDIT gestionale/static/js/gestionale.js: 0
[2017-01-03 20:54:32] EDIT gestionale/views/layout.html: 12
[2017-01-03 20:54:40] EDIT gestionale/static/js/gestionale.js: 0
[2017-01-03 20:54:44] EDIT gestionale/views/default/aggiungi_righe_a_ordini_clienti.html: -7
[2017-01-03 20:57:08] EDIT gestionale/views/layout.html: 0
[2017-01-03 21:01:39] EDIT gestionale/views/default/aggiungi_righe_a_ordini_clienti.html: 2
[2017-01-03 21:02:01] EDIT gestionale/views/layout.html: 0
[2017-01-03 21:03:19] EDIT gestionale/views/default/aggiungi_righe_a_ordini_clienti.html: 0
[2017-01-03 21:23:15] EDIT gestionale/views/layout.html: 0
[2017-01-03 21:30:33] EDIT gestionale/views/layout.html: 0
[2017-01-03 21:31:15] EDIT gestionale/views/layout.html: 0
[2017-01-04 11:30:55] EDIT gestionale/views/default/ordini_clienti.html: 5
[2017-01-05 09:15:13] EDIT gestionale/models/db.py: 0
[2017-01-05 09:16:40] EDIT gestionale/models/db.py: 0
[2017-01-05 09:16:54] EDIT gestionale/models/db.py: 0
[2017-01-05 09:41:38] EDIT gestionale/models/db.py: 0
[2017-01-07 12:12:40] EDIT gestionale/models/db.py: 0
[2017-01-07 18:58:41] EDIT gestionale/models/menu.py: 4
[2017-01-07 19:07:57] CREATE default/ddt_clienti.html: 0
[2017-01-07 19:08:18] EDIT gestionale/views/default/ddt_clienti.html: 0
[2017-01-07 19:09:03] EDIT gestionale/views/default/ddt_clienti.html: 0
[2017-01-07 19:17:56] EDIT gestionale/views/default/ddt_clienti.html: 26
[2017-01-07 19:18:45] EDIT gestionale/views/default/ddt_clienti.html: -26
[2017-01-07 19:19:08] CREATE default/dettaglio_bolla.html: 0
[2017-01-07 19:19:12] EDIT gestionale/views/default/dettaglio_bolla.html: 26
[2017-01-07 19:32:31] EDIT gestionale/models/db.py: 8
[2017-01-07 19:33:28] EDIT gestionale/models/db.py: 1
[2017-01-07 19:34:30] EDIT gestionale/models/menu.py: 1
[2017-01-07 19:36:31] CREATE default/anagrafica_causali_trasporti.html: 0
[2017-01-07 19:36:53] EDIT gestionale/views/default/anagrafica_causali_trasporti.html: 0
[2017-01-07 19:37:20] EDIT gestionale/models/db.py: 0
[2017-01-07 19:37:57] EDIT gestionale/models/db.py: 0
[2017-01-07 19:38:50] EDIT gestionale/models/db.py: 0
[2017-01-07 20:04:03] EDIT gestionale/models/db.py: 1
[2017-01-07 20:04:10] EDIT gestionale/models/db.py: 0
[2017-01-07 20:22:09] EDIT gestionale/models/db.py: 0
[2017-01-07 20:25:36] EDIT gestionale/views/default/dettaglio_bolla.html: 1
[2017-01-07 20:28:21] EDIT gestionale/views/default/dettaglio_bolla.html: 0
[2017-01-07 20:30:07] EDIT gestionale/views/default/dettaglio_bolla.html: 6
[2017-01-08 09:36:13] EDIT gestionale/models/db.py: 1
[2017-01-08 09:36:37] EDIT gestionale/models/db.py: 0
[2017-01-08 09:43:41] EDIT gestionale/views/default/ddt_clienti.html: 0
[2017-01-08 09:48:28] EDIT gestionale/models/db.py: 1
[2017-01-08 09:49:05] EDIT gestionale/models/db.py: 0
[2017-01-08 09:50:16] EDIT gestionale/models/db.py: 0
[2017-01-08 09:58:53] CREATE default/ddt_clienti_2.htmll: 0
[2017-01-08 09:59:03] CREATE default/ddt_clienti_2.html: 0
[2017-01-08 10:01:57] EDIT gestionale/views/default/ddt_clienti_2.html: 6
[2017-01-08 10:06:05] EDIT gestionale/models/db.py: 0
[2017-01-08 10:28:57] EDIT gestionale/models/db.py: -1
[2017-01-08 10:44:48] EDIT gestionale/models/db.py: 0
[2017-01-08 11:13:00] EDIT gestionale/models/db.py: 1
[2017-01-08 11:16:00] EDIT gestionale/views/default/ddt_clienti_2.html: 1
[2017-01-08 11:16:29] CREATE default/righe_in_ddt_cliente.html: 0
[2017-01-08 11:16:37] EDIT gestionale/views/default/righe_in_ddt_cliente.html: -1
[2017-01-08 11:17:11] EDIT gestionale/views/default/righe_in_ddt_cliente.html: 0
[2017-01-08 11:17:36] EDIT gestionale/views/default/righe_in_ddt_cliente.html: -1
[2017-01-08 11:18:06] EDIT gestionale/views/default/righe_in_ddt_cliente.html: 3
[2017-01-08 11:19:32] EDIT gestionale/views/default/ddt_clienti_2.html: 2
[2017-01-08 11:19:48] EDIT gestionale/views/default/righe_in_ddt_cliente.html: -3
[2017-01-08 11:21:00] EDIT gestionale/views/default/ddt_clienti_2.html: -1
[2017-01-08 12:51:51] EDIT gestionale/views/default/ddt_clienti_2.html: 6
[2017-01-08 12:53:39] EDIT gestionale/views/default/ddt_clienti_2.html: 0
[2017-01-08 12:58:56] EDIT gestionale/views/default/ddt_clienti_2.html: 3
[2017-01-16 15:52:35] EDIT gestionale/views/default/ddt_clienti_2.html: 0
[2017-01-16 15:52:40] EDIT gestionale/views/default/ddt_clienti_2.html: 0
[2017-01-16 15:54:30] EDIT gestionale/views/default/ddt_clienti_2.html: 0
[2017-01-16 16:04:50] EDIT gestionale/views/default/ddt_clienti_2.html: -2
[2017-01-16 16:04:59] EDIT gestionale/views/default/ddt_clienti_2.html: 1
[2017-01-16 16:06:22] EDIT gestionale/static/js/gestionale.js: 4
[2017-01-16 16:07:46] EDIT gestionale/views/default/ddt_clienti_2.html: 0
[2017-01-16 16:09:34] EDIT gestionale/static/js/gestionale.js: 0
[2017-01-16 16:31:06] EDIT gestionale/views/default/ddt_clienti_2.html: 0
[2017-01-16 16:31:51] EDIT gestionale/views/default/ddt_clienti_2.html: 2
[2017-01-16 16:36:38] EDIT gestionale/models/db.py: 0
[2017-01-16 16:37:15] EDIT gestionale/models/db.py: 0
[2017-01-16 17:13:00] EDIT gestionale/models/db.py: 0
[2017-01-16 17:29:16] EDIT gestionale/models/db.py: 0
[2017-01-16 17:30:17] EDIT gestionale/models/db.py: 0
[2017-01-25 09:54:51] EDIT gestionale/models/db.py: 0
[2017-01-25 09:54:57] EDIT gestionale/models/db.py: 0
[2017-01-25 09:58:47] EDIT gestionale/models/db.py: 0
[2017-01-25 10:20:27] EDIT gestionale/models/db.py: 0
[2017-01-25 10:20:34] EDIT gestionale/models/db.py: 0
[2017-01-25 11:38:30] EDIT gestionale/views/default/anagrafica_clienti.html: 3
[2017-01-25 11:40:23] EDIT gestionale/views/default/anagrafica_clienti.html: 0
[2017-01-25 11:40:52] EDIT gestionale/views/default/anagrafica_clienti.html: 0
[2017-01-25 11:44:06] EDIT gestionale/views/default/anagrafica_clienti.html: 0
[2017-01-25 11:51:17] EDIT gestionale/views/default/ddt_clienti_2.html: 3
[2017-01-25 11:52:37] EDIT gestionale/views/default/ddt_clienti_2.html: 0
[2017-01-25 11:59:50] EDIT gestionale/views/default/ddt_clienti_2.html: 2
[2017-01-25 12:02:08] EDIT gestionale/views/default/ddt_clienti_2.html: 4
[2017-01-25 12:06:54] EDIT gestionale/views/default/ddt_clienti_2.html: 1
[2017-01-25 12:07:22] EDIT gestionale/views/default/ddt_clienti_2.html: 0
[2017-01-25 12:10:17] EDIT gestionale/views/default/ddt_clienti_2.html: 7
[2017-01-25 12:15:07] EDIT gestionale/views/default/ddt_clienti_2.html: 4
[2017-01-25 12:15:31] EDIT gestionale/views/default/ddt_clienti_2.html: 4
[2017-01-25 12:16:14] EDIT gestionale/views/default/ddt_clienti_2.html: 0
[2017-01-25 12:16:55] EDIT gestionale/views/default/ddt_clienti_2.html: 0
[2017-01-25 12:22:57] EDIT gestionale/views/default/ddt_clienti_2.html: 19
[2017-01-25 12:23:34] EDIT gestionale/views/default/ddt_clienti_2.html: 2
[2017-01-25 12:24:02] EDIT gestionale/views/default/ddt_clienti_2.html: 0
[2017-01-25 12:24:24] EDIT gestionale/views/default/ddt_clienti_2.html: 0
[2017-01-25 12:25:18] EDIT gestionale/views/default/ddt_clienti_2.html: 0
[2017-01-25 12:25:44] EDIT gestionale/views/default/ddt_clienti_2.html: 0
[2017-01-25 12:25:51] EDIT gestionale/views/default/ddt_clienti_2.html: 0
[2017-01-25 12:26:24] EDIT gestionale/views/default/ddt_clienti_2.html: 0
[2017-01-25 14:04:55] EDIT gestionale/views/default/ddt_clienti_2.html: 5
[2017-01-25 14:05:18] EDIT gestionale/views/default/ddt_clienti_2.html: 0
[2017-01-25 14:05:54] EDIT gestionale/views/default/ddt_clienti_2.html: 2
[2017-01-25 14:06:09] EDIT gestionale/views/default/ddt_clienti_2.html: 0
[2017-01-25 14:06:15] EDIT gestionale/views/default/ddt_clienti_2.html: 1
[2017-01-25 14:06:32] EDIT gestionale/views/default/ddt_clienti_2.html: 0
[2017-01-25 14:06:47] EDIT gestionale/views/default/ddt_clienti_2.html: 0
[2017-01-25 14:07:11] EDIT gestionale/views/default/ddt_clienti_2.html: 0
[2017-01-25 14:07:35] EDIT gestionale/views/default/ddt_clienti_2.html: 0
[2017-01-25 14:14:39] EDIT gestionale/views/default/ddt_clienti_2.html: 12
[2017-01-25 14:18:29] EDIT gestionale/views/default/ddt_clienti_2.html: 2
[2017-01-25 14:19:40] EDIT gestionale/static/js/gestionale.js: 4
[2017-01-25 14:45:25] EDIT gestionale/views/default/ddt_clienti_2.html: 4
[2017-01-25 14:46:14] EDIT gestionale/views/default/ddt_clienti_2.html: 0
[2017-01-25 15:56:36] EDIT gestionale/views/default/ddt_clienti_2.html: 12
[2017-01-25 15:57:40] EDIT gestionale/views/default/ddt_clienti_2.html: 1
[2017-01-25 15:58:10] EDIT gestionale/views/default/ddt_clienti_2.html: 0
[2017-01-25 15:59:03] EDIT gestionale/views/default/ddt_clienti_2.html: 0
[2017-01-25 15:59:53] EDIT gestionale/views/default/ddt_clienti_2.html: -1
[2017-01-25 16:00:33] EDIT gestionale/views/default/ddt_clienti_2.html: -1
[2017-01-25 16:01:12] EDIT gestionale/views/default/ddt_clienti_2.html: 0
[2017-01-25 16:32:13] EDIT gestionale/views/default/ddt_clienti_2.html: 0
[2017-01-25 16:33:56] EDIT gestionale/views/default/ddt_clienti_2.html: 2
[2017-01-25 16:35:13] EDIT gestionale/views/default/ddt_clienti_2.html: 2
[2017-01-25 16:36:14] EDIT gestionale/views/default/ddt_clienti_2.html: -3
[2017-01-25 16:36:31] EDIT gestionale/views/default/ddt_clienti_2.html: 0
[2017-01-25 16:36:46] EDIT gestionale/views/default/ddt_clienti_2.html: -2
[2017-01-25 16:37:15] EDIT gestionale/views/default/ddt_clienti_2.html: 0
[2017-01-25 16:41:56] EDIT gestionale/views/default/ddt_clienti_2.html: -7
[2017-01-25 16:43:29] EDIT gestionale/views/default/ddt_clienti_2.html: 0
[2017-01-25 16:43:48] EDIT gestionale/views/default/ddt_clienti_2.html: 0
[2017-01-25 16:44:45] EDIT gestionale/views/default/ddt_clienti_2.html: 0
[2017-01-25 16:46:17] EDIT gestionale/views/default/ddt_clienti_2.html: 0
[2017-01-25 16:46:44] EDIT gestionale/views/default/ddt_clienti_2.html: 0
[2017-01-26 09:27:17] EDIT gestionale/views/default/aggiungi_righe_a_ordini_clienti.html: 3
[2017-01-26 09:28:28] EDIT gestionale/views/default/aggiungi_righe_a_ordini_clienti.html: 0
[2017-01-26 09:37:54] EDIT gestionale/views/default/aggiungi_righe_a_ordini_clienti.html: 6
[2017-01-26 09:44:21] EDIT gestionale/views/default/aggiungi_righe_a_ordini_clienti.html: 0
[2017-01-26 09:44:33] EDIT gestionale/views/default/aggiungi_righe_a_ordini_clienti.html: 0
[2017-01-26 09:46:42] CREATE articoli_per_ordini.html: 0
[2017-01-26 09:47:01] EDIT gestionale/views/articoli_per_ordini.html: -2
[2017-01-26 09:48:29] CREATE default/articoli_per_ordini.html: 0
[2017-01-26 09:48:42] EDIT gestionale/views/default/articoli_per_ordini.html: -2
[2017-01-26 10:19:48] EDIT gestionale/views/default/aggiungi_righe_a_ordini_clienti.html: 1
[2017-01-26 10:20:51] EDIT gestionale/views/default/aggiungi_righe_a_ordini_clienti.html: 0
[2017-01-26 10:40:40] EDIT gestionale/views/default/aggiungi_righe_a_ordini_clienti.html: 4
[2017-01-26 10:42:57] EDIT gestionale/views/default/aggiungi_righe_a_ordini_clienti.html: 1
[2017-01-26 10:53:26] EDIT gestionale/views/default/aggiungi_righe_a_ordini_clienti.html: 3
[2017-01-26 11:09:44] EDIT gestionale/views/default/aggiungi_righe_a_ordini_clienti.html: 0
[2017-01-26 11:12:24] EDIT gestionale/views/default/aggiungi_righe_a_ordini_clienti.html: 0
[2017-01-26 11:13:37] EDIT gestionale/views/default/aggiungi_righe_a_ordini_clienti.html: 0
[2017-01-26 11:14:06] EDIT gestionale/views/default/aggiungi_righe_a_ordini_clienti.html: 0
[2017-01-26 11:16:39] EDIT gestionale/views/default/aggiungi_righe_a_ordini_clienti.html: 0
[2017-01-26 11:16:59] EDIT gestionale/views/default/aggiungi_righe_a_ordini_clienti.html: 0
[2017-01-26 11:20:22] EDIT gestionale/views/default/aggiungi_righe_a_ordini_clienti.html: 0
[2017-01-26 11:29:57] EDIT gestionale/views/default/aggiungi_righe_a_ordini_clienti.html: 0
[2017-01-26 11:30:13] EDIT gestionale/views/default/aggiungi_righe_a_ordini_clienti.html: 0
[2017-01-26 11:32:30] EDIT gestionale/views/default/aggiungi_righe_a_ordini_clienti.html: 0
[2017-01-26 11:32:41] EDIT gestionale/views/default/aggiungi_righe_a_ordini_clienti.html: 0
[2017-01-26 11:33:04] EDIT gestionale/views/default/aggiungi_righe_a_ordini_clienti.html: 0
[2017-01-26 11:33:23] EDIT gestionale/views/default/aggiungi_righe_a_ordini_clienti.html: 0
[2017-01-26 11:33:41] EDIT gestionale/views/default/aggiungi_righe_a_ordini_clienti.html: 0
[2017-01-26 11:42:28] EDIT gestionale/views/web2py_ajax.html: 0
[2017-01-26 11:42:59] EDIT gestionale/views/web2py_ajax.html: 0
[2017-01-26 11:43:07] EDIT gestionale/views/web2py_ajax.html: 0
[2017-01-26 12:24:16] EDIT gestionale/views/default/aggiungi_righe_a_ordini_clienti.html: 0
[2017-01-26 12:25:01] EDIT gestionale/views/default/aggiungi_righe_a_ordini_clienti.html: 0
[2017-01-26 12:27:06] EDIT gestionale/views/default/aggiungi_righe_a_ordini_clienti.html: 3
[2017-01-26 12:28:39] EDIT gestionale/views/default/aggiungi_righe_a_ordini_clienti.html: -2
[2017-01-26 12:29:49] EDIT gestionale/views/default/aggiungi_righe_a_ordini_clienti.html: 0
[2017-01-26 12:30:44] EDIT gestionale/views/default/aggiungi_righe_a_ordini_clienti.html: 1
[2017-01-26 12:31:06] EDIT gestionale/views/default/aggiungi_righe_a_ordini_clienti.html: -1
[2017-01-26 12:32:20] EDIT gestionale/views/default/aggiungi_righe_a_ordini_clienti.html: 0
[2017-01-26 12:33:54] EDIT gestionale/views/default/aggiungi_righe_a_ordini_clienti.html: 0
[2017-01-26 12:34:21] EDIT gestionale/views/default/aggiungi_righe_a_ordini_clienti.html: -1
[2017-01-26 12:34:45] EDIT gestionale/views/default/aggiungi_righe_a_ordini_clienti.html: 0
[2017-01-26 12:35:08] EDIT gestionale/views/default/aggiungi_righe_a_ordini_clienti.html: 0
[2017-01-26 14:12:27] EDIT gestionale/models/db.py: 0
[2017-01-26 14:13:31] EDIT gestionale/models/db.py: 0
[2017-01-26 14:23:32] EDIT gestionale/models/db.py: 0
[2017-01-26 14:54:50] EDIT gestionale/models/db.py: 0
[2017-01-26 14:56:23] EDIT gestionale/models/db.py: 0
[2017-01-26 15:22:19] EDIT gestionale/models/db.py: 0
[2017-01-26 15:23:16] EDIT gestionale/models/db.py: 0
[2017-01-26 15:23:36] EDIT gestionale/models/db.py: 0
[2017-01-26 15:37:18] EDIT gestionale/models/db.py: 0
[2017-01-26 15:38:48] EDIT gestionale/models/db.py: 0
[2017-01-26 17:04:03] EDIT gestionale/models/db.py: 0
[2017-01-30 10:50:51] EDIT gestionale/models/db.py: 2
[2017-01-30 10:55:12] EDIT gestionale/models/db.py: 0
[2017-01-30 10:55:31] EDIT gestionale/models/db.py: 0
[2017-01-30 11:10:32] EDIT gestionale/models/db.py: 0
[2017-01-30 11:18:47] EDIT gestionale/models/db.py: 0
[2017-01-30 11:20:04] EDIT gestionale/models/db.py: 0
[2017-01-30 11:20:50] EDIT gestionale/models/db.py: 0
[2017-01-30 11:56:38] EDIT gestionale/models/menu.py: 0
[2017-01-30 12:16:49] EDIT gestionale/models/db.py: 1
[2017-01-30 12:20:04] EDIT gestionale/models/db.py: 0
[2017-01-30 12:22:15] CREATE default/fatturazione_differita.html: 0
[2017-01-30 12:22:45] EDIT gestionale/views/default/fatturazione_differita.html: 0
[2017-01-30 12:23:28] CREATE default/fatturazione_differita_2.html: 0
[2017-01-30 12:24:08] EDIT gestionale/views/default/fatturazione_differita_2.html: 93
[2017-01-30 12:25:16] EDIT gestionale/views/default/fatturazione_differita_2.html: -92
[2017-01-30 16:28:11] EDIT gestionale/models/db.py: 0
[2017-01-30 16:31:04] EDIT gestionale/models/db.py: 0
[2017-01-30 16:41:25] EDIT gestionale/models/db.py: 0
[2017-01-30 16:43:02] EDIT gestionale/models/db.py: 0
[2017-01-30 16:49:20] EDIT gestionale/models/db.py: 0
[2017-01-30 17:14:36] EDIT gestionale/views/default/fatturazione_differita_2.html: 1
[2017-01-30 17:39:01] EDIT gestionale/views/default/fatturazione_differita_2.html: 0
[2017-01-30 17:41:10] EDIT gestionale/views/default/fatturazione_differita_2.html: 0
[2017-01-30 17:41:25] EDIT gestionale/views/default/fatturazione_differita_2.html: 0
[2017-01-30 17:42:07] EDIT gestionale/views/default/fatturazione_differita_2.html: 0
[2017-01-30 17:49:01] EDIT gestionale/models/db.py: 1
[2017-01-30 18:03:35] EDIT gestionale/views/default/fatturazione_differita_2.html: 11
[2017-01-30 18:04:23] CREATE default/ddt_da_fatturare.html: 0
[2017-01-30 18:05:14] EDIT gestionale/views/default/ddt_da_fatturare.html: -2
[2017-01-30 18:14:37] EDIT gestionale/static/js/gestionale.js: 5
[2017-01-30 18:17:06] EDIT gestionale/views/default/fatturazione_differita_2.html: 8
[2017-01-30 18:18:11] EDIT gestionale/static/js/gestionale.js: -1
[2017-01-30 18:19:05] EDIT gestionale/views/default/fatturazione_differita_2.html: 0
[2017-01-30 19:54:45] EDIT gestionale/models/db.py: 1
[2017-01-30 19:54:58] EDIT gestionale/models/db.py: 0
[2017-01-30 19:55:58] EDIT gestionale/models/menu.py: 1
[2017-01-30 19:58:16] EDIT gestionale/models/db.py: 0
[2017-01-30 20:00:01] EDIT gestionale/models/db.py: 0
[2017-01-30 20:00:46] EDIT gestionale/models/db.py: 0
[2017-01-30 20:05:05] EDIT gestionale/views/default/fatturazione_differita_2.html: 7
[2017-01-30 20:05:38] EDIT gestionale/views/default/fatturazione_differita_2.html: 2
[2017-01-30 20:07:47] EDIT gestionale/views/default/fatturazione_differita_2.html: 5
[2017-01-30 20:08:29] EDIT gestionale/static/js/gestionale.js: 5
[2017-01-30 20:14:14] EDIT gestionale/views/default/fatturazione_differita_2.html: 2
[2017-01-30 21:14:42] EDIT gestionale/views/default/fatturazione_differita_2.html: 0
[2017-01-30 21:17:17] EDIT gestionale/views/default/fatturazione_differita_2.html: 0
[2017-01-31 15:21:28] EDIT gestionale/models/db.py: 1
[2017-01-31 15:22:25] EDIT gestionale/models/menu.py: 1
[2017-01-31 15:23:36] CREATE default/gestione_bolli.html: 0
[2017-01-31 15:23:44] EDIT gestionale/views/default/gestione_bolli.html: -1
[2017-01-31 16:08:00] EDIT gestionale/models/db.py: 0
[2017-01-31 16:11:24] EDIT gestionale/models/db.py: 0
[2017-01-31 16:11:36] EDIT gestionale/models/db.py: 0
[2017-01-31 16:11:47] EDIT gestionale/models/db.py: 0
[2017-01-31 16:12:13] EDIT gestionale/models/db.py: 0
[2017-01-31 16:12:49] EDIT gestionale/models/db.py: 0
[2017-01-31 16:14:05] EDIT gestionale/models/db.py: 0
[2017-01-31 16:17:15] EDIT gestionale/models/db.py: 0
[2017-01-31 16:26:16] EDIT gestionale/models/db.py: 4
[2017-01-31 16:27:15] EDIT gestionale/models/db.py: 0
[2017-01-31 16:28:02] EDIT gestionale/models/db.py: 0
[2017-01-31 16:28:33] EDIT gestionale/models/db.py: 0
[2017-01-31 16:28:55] EDIT gestionale/models/db.py: 0
[2017-01-31 16:51:26] EDIT gestionale/models/db.py: 0
[2017-01-31 16:55:37] EDIT gestionale/views/default/ordini_clienti.html: 14
[2017-01-31 16:56:24] EDIT gestionale/static/js/gestionale.js: 4
[2017-01-31 16:59:42] EDIT gestionale/views/default/ordini_clienti.html: -4
[2017-01-31 17:00:29] EDIT gestionale/views/default/ordini_clienti.html: -1
[2017-01-31 17:01:14] EDIT gestionale/views/default/ordini_clienti.html: 1
[2017-01-31 17:02:22] EDIT gestionale/views/default/ordini_clienti.html: 1
[2017-01-31 17:03:44] EDIT gestionale/views/default/ordini_clienti.html: 0
[2017-01-31 17:05:35] EDIT gestionale/views/default/ordini_clienti.html: 0
[2017-01-31 17:07:59] EDIT gestionale/views/default/ordini_clienti.html: 0
[2017-02-01 08:07:24] EDIT gestionale/models/db.py: 1
[2017-02-01 08:08:42] EDIT gestionale/models/menu.py: 1
[2017-02-01 08:08:49] EDIT gestionale/models/menu.py: 0
[2017-02-01 08:10:41] CREATE default/gestione_numero_ddt.html: 0
[2017-02-01 08:10:50] EDIT gestionale/views/default/gestione_numero_ddt.html: -2
[2017-02-01 08:11:37] EDIT gestionale/views/default/gestione_numero_ddt.html: 1
[2017-02-01 08:12:29] EDIT gestionale/views/default/gestione_numero_ddt.html: 3
[2017-02-01 09:02:22] EDIT gestionale/models/db.py: 0
[2017-02-01 09:03:19] EDIT gestionale/models/db.py: 0
[2017-02-01 09:07:08] EDIT gestionale/views/default/ddt_clienti_2.html: 0
[2017-02-01 09:07:38] EDIT gestionale/views/default/ddt_clienti_2.html: 0
[2017-02-01 09:07:53] EDIT gestionale/views/default/ddt_clienti_2.html: 0
[2017-02-01 10:06:27] EDIT gestionale/views/default/fatturazione_differita_2.html: 0
[2017-02-01 10:07:24] EDIT gestionale/views/default/fatturazione_differita_2.html: 0
[2017-02-01 11:22:42] EDIT gestionale/models/db.py: 3
[2017-02-01 11:24:55] EDIT gestionale/models/db.py: 0
[2017-02-01 11:53:46] EDIT gestionale/models/db.py: 1
[2017-02-01 11:54:13] EDIT gestionale/views/default/aggiungi_articolo_a_listino.html: 0
[2017-02-01 11:54:35] CREATE default/aggiungi_articolo_a_listino_fornitori.html: 0
[2017-02-01 11:54:49] EDIT gestionale/views/default/aggiungi_articolo_a_listino_fornitori.html: 23
[2017-02-01 11:59:17] EDIT gestionale/models/db.py: 4
[2017-02-01 12:26:19] EDIT gestionale/views/default/aggiungi_articolo_a_listino_fornitori.html: 0
[2017-02-01 12:26:43] EDIT gestionale/views/default/aggiungi_articolo_a_listino.html: 0
[2017-02-01 12:36:36] EDIT gestionale/models/db.py: 1
[2017-02-01 12:44:26] EDIT gestionale/views/default/aggiungi_articolo_a_listino_fornitori.html: 0
[2017-02-01 12:53:03] EDIT gestionale/models/db.py: 0
[2017-02-01 13:06:49] CREATE default/ordini_fornitori.html: 0
[2017-02-01 13:07:18] EDIT gestionale/views/default/ordini_fornitori.html: 36
[2017-02-01 13:09:48] EDIT gestionale/models/db.py: 1
[2017-02-01 13:15:21] EDIT gestionale/models/db.py: 1
[2017-02-01 13:15:59] EDIT gestionale/models/db.py: 0
[2017-02-01 13:19:05] EDIT gestionale/models/db.py: 0
[2017-02-01 13:22:19] EDIT gestionale/views/default/ordini_fornitori.html: 0
[2017-02-01 13:24:33] EDIT gestionale/views/default/ordini_fornitori.html: 0
[2017-02-01 13:25:38] EDIT gestionale/views/default/ordini_fornitori.html: 0
[2017-02-01 13:26:26] EDIT gestionale/views/default/ordini_fornitori.html: 0
[2017-02-01 13:27:30] EDIT gestionale/views/default/ordini_fornitori.html: 0
[2017-02-01 13:30:13] EDIT gestionale/models/db.py: 0
[2017-02-01 13:42:18] CREATE default/aggiungi_righe_a_ordini_fornitor.html: 0
[2017-02-01 13:44:48] EDIT gestionale/views/default/aggiungi_righe_a_ordini_fornitor.html: 41
[2017-02-01 13:48:51] CREATE default/aggiungi_righe_a_ordini_fornitori.html: 0
[2017-02-01 13:48:54] EDIT gestionale/views/default/aggiungi_righe_a_ordini_fornitori.html: 41
[2017-02-01 13:49:49] EDIT gestionale/views/default/aggiungi_righe_a_ordini_fornitori.html: 0
[2017-02-01 13:50:25] EDIT gestionale/views/default/aggiungi_righe_a_ordini_fornitori.html: 0
[2017-02-01 13:52:53] EDIT gestionale/views/default/aggiungi_righe_a_ordini_fornitori.html: 0
[2017-02-01 13:55:31] CREATE default/articoli_per_ordini_fornitori.html: 0
[2017-02-01 13:55:59] EDIT gestionale/views/default/articoli_per_ordini_fornitori.html: -2
[2017-02-01 13:57:53] EDIT gestionale/views/default/aggiungi_righe_a_ordini_fornitori.html: 0
[2017-02-01 13:59:04] EDIT gestionale/views/layout.html: 13
[2017-02-01 14:01:08] EDIT gestionale/static/js/gestionale.js: 4
[2017-02-01 14:01:51] EDIT gestionale/views/layout.html: 0
[2017-02-01 14:04:57] EDIT gestionale/views/default/aggiungi_righe_a_ordini_fornitori.html: 0
[2017-02-01 14:07:00] EDIT gestionale/views/default/aggiungi_righe_a_ordini_fornitori.html: 0
[2017-02-01 14:08:23] EDIT gestionale/views/layout.html: 0
[2017-02-01 15:40:51] EDIT gestionale/views/default/aggiungi_righe_a_ordini_fornitori.html: 3
[2017-02-01 15:43:50] EDIT gestionale/models/db.py: 1
[2017-02-01 16:09:22] EDIT gestionale/models/db.py: 1
[2017-02-01 16:11:50] CREATE default/ddt_fornitori.html: 0
[2017-02-01 16:11:56] EDIT gestionale/views/default/ddt_fornitori.html: 0
[2017-02-01 16:12:46] EDIT gestionale/views/default/ddt_fornitori.html: 0
[2017-02-01 16:16:06] EDIT gestionale/views/default/ddt_fornitori.html: 0
[2017-02-01 16:18:49] EDIT gestionale/models/db.py: 1
[2017-02-01 16:39:47] EDIT gestionale/models/db.py: 0
[2017-02-01 16:41:38] CREATE default/ddt_fornitori_2.html: 0
[2017-02-01 16:43:02] EDIT gestionale/views/default/ddt_fornitori_2.html: 93
[2017-02-01 16:56:42] EDIT gestionale/views/default/ddt_clienti_2.html: 0
[2017-02-01 16:58:18] EDIT gestionale/views/default/ddt_fornitori_2.html: 0
[2017-02-01 17:02:05] EDIT gestionale/views/default/ddt_fornitori_2.html: 0
[2017-02-01 17:03:11] EDIT gestionale/views/layout.html: -1
[2017-02-01 17:05:18] EDIT gestionale/views/default/ddt_fornitori_2.html: 0
[2017-02-01 17:07:23] EDIT gestionale/static/js/gestionale.js: 4
[2017-02-01 17:29:22] EDIT gestionale/views/default/ddt_fornitori_2.html: 0
[2017-02-01 17:32:05] CREATE default/righe_in_ddt_fornitore.html: 0
[2017-02-01 17:32:08] EDIT gestionale/views/default/righe_in_ddt_fornitore.html: -2
[2017-02-01 17:33:12] EDIT gestionale/views/default/ddt_fornitori_2.html: 0
[2017-02-01 17:43:21] EDIT gestionale/views/default/ddt_fornitori_2.html: 0
[2017-02-01 17:44:41] EDIT gestionale/static/js/gestionale.js: 4
[2017-02-01 17:47:32] EDIT gestionale/models/db.py: 2
[2017-02-02 08:55:16] EDIT gestionale/models/db.py: 0
[2017-02-02 08:55:51] EDIT gestionale/models/db.py: 0
[2017-02-02 08:56:40] EDIT gestionale/models/db.py: 0
[2017-02-02 09:15:42] EDIT gestionale/models/db.py: 0
[2017-02-02 09:17:47] EDIT gestionale/models/db.py: 0
[2017-02-02 09:21:44] EDIT gestionale/models/db.py: 0
[2017-02-02 09:24:42] EDIT gestionale/models/db.py: 0
[2017-02-02 09:33:48] EDIT gestionale/models/db.py: 0
[2017-02-02 09:38:28] EDIT gestionale/controllers/default.py: 0
[2017-02-02 09:39:58] EDIT gestionale/controllers/default.py: 0
[2017-02-02 09:41:38] EDIT gestionale/controllers/default.py: 0
[2017-02-02 09:44:47] EDIT gestionale/models/db.py: 0
[2017-02-02 09:50:02] EDIT gestionale/models/db.py: 0
[2017-02-02 09:50:31] EDIT gestionale/models/db.py: 0
[2017-02-02 09:52:09] EDIT gestionale/controllers/default.py: 3
[2017-02-02 09:54:16] EDIT gestionale/controllers/default.py: 3
[2017-02-02 10:02:03] EDIT gestionale/views/default/ddt_fornitori_2.html: 0
[2017-02-02 10:09:02] EDIT gestionale/controllers/default.py: 1
[2017-02-02 10:10:41] EDIT gestionale/models/db.py: 0
[2017-02-02 10:12:36] EDIT gestionale/controllers/default.py: 0
[2017-02-02 10:27:14] EDIT gestionale/controllers/default.py: 0
[2017-02-02 10:28:00] EDIT gestionale/controllers/default.py: 0
[2017-02-02 10:29:26] EDIT gestionale/views/default/ddt_fornitori_2.html: 1
[2017-02-02 10:32:10] EDIT gestionale/views/default/ddt_fornitori_2.html: 0
[2017-02-02 10:43:05] EDIT gestionale/views/default/ddt_fornitori_2.html: 2
[2017-02-02 10:43:46] EDIT gestionale/views/default/ddt_clienti_2.html: 2
[2017-02-02 10:44:03] EDIT gestionale/views/default/ddt_clienti_2.html: 0
[2017-02-02 10:55:30] EDIT gestionale/views/default/ddt_clienti_2.html: 0
[2017-02-02 15:27:57] EDIT gestionale/models/db.py: 0
[2017-02-02 15:29:44] EDIT gestionale/models/db.py: 0
[2017-02-02 15:32:32] EDIT gestionale/models/db.py: 0
[2017-02-02 15:32:46] EDIT gestionale/models/db.py: 0
[2017-02-02 15:33:32] EDIT gestionale/models/db.py: 0
[2017-02-02 15:42:05] CREATE default/gestione_numero_fattura.html: 0
[2017-02-02 15:43:04] EDIT gestionale/views/default/gestione_numero_fattura.html: 0
[2017-02-02 15:43:06] EDIT gestionale/views/default/gestione_numero_fattura.html: 0
[2017-02-03 08:51:52] EDIT gestionale/models/db.py: 1
[2017-02-03 08:57:00] EDIT gestionale/models/db.py: 0
[2017-02-03 09:50:41] EDIT gestionale/models/db.py: 0
[2017-02-03 09:55:58] EDIT gestionale/models/db.py: 0
[2017-02-03 09:56:03] EDIT gestionale/models/db.py: 0
[2017-02-03 09:57:31] EDIT gestionale/models/db.py: 0
[2017-02-03 13:32:37] EDIT gestionale/models/db.py: 0
[2017-02-03 14:27:24] EDIT gestionale/models/db.py: 0
[2017-02-06 08:45:35] EDIT gestionale/models/db.py: 0
[2017-02-06 08:45:52] EDIT gestionale/models/db.py: 0
[2017-02-06 08:47:05] EDIT gestionale/models/db.py: 0
[2017-02-06 08:47:20] EDIT gestionale/models/db.py: 0
[2017-02-06 08:47:59] EDIT gestionale/models/db.py: 0
[2017-02-06 08:48:24] EDIT gestionale/models/db.py: 0
[2017-02-06 08:51:28] EDIT gestionale/models/db.py: 0
[2017-02-06 08:52:04] EDIT gestionale/models/db.py: 0
[2017-02-06 08:53:02] EDIT gestionale/models/db.py: 0
[2017-02-06 08:53:21] EDIT gestionale/models/db.py: 0
[2017-02-06 09:06:29] EDIT gestionale/models/db.py: 1
[2017-02-06 11:06:27] EDIT gestionale/models/db.py: 0
[2017-02-06 11:10:09] EDIT gestionale/models/db.py: 0
[2017-02-06 18:03:29] EDIT gestionale/models/db.py: 0
[2017-02-06 18:03:37] EDIT gestionale/models/db.py: 0
[2017-02-06 18:03:51] EDIT gestionale/models/db.py: 0
[2017-02-07 11:44:18] EDIT gestionale/models/menu.py: 1
[2017-02-07 11:47:01] CREATE default/scadenziario.html: 0
[2017-02-07 11:51:18] EDIT gestionale/views/default/scadenziario.html: 13
[2017-02-07 11:52:32] EDIT gestionale/views/default/scadenziario.html: 2
[2017-02-07 11:59:23] EDIT gestionale/views/default/scadenziario.html: 7
[2017-02-07 11:59:44] EDIT gestionale/views/default/scadenziario.html: 0
[2017-02-07 12:00:35] EDIT gestionale/views/default/scadenziario.html: 1
[2017-02-07 12:01:06] EDIT gestionale/views/default/scadenziario.html: 0
[2017-02-07 12:01:55] EDIT gestionale/views/default/scadenziario.html: 0
[2017-02-07 12:03:02] EDIT gestionale/views/default/scadenziario.html: 0
[2017-02-07 12:03:54] EDIT gestionale/views/default/scadenziario.html: 1
[2017-02-07 12:04:36] EDIT gestionale/views/default/scadenziario.html: 1
[2017-02-07 12:25:07] EDIT gestionale/views/default/scadenziario.html: 0
[2017-02-07 12:25:32] EDIT gestionale/views/default/scadenziario.html: -1
[2017-02-07 12:27:53] EDIT gestionale/views/default/scadenziario.html: 9
[2017-02-07 12:28:32] EDIT gestionale/views/default/scadenziario.html: 2
[2017-02-07 12:29:56] EDIT gestionale/views/default/scadenziario.html: -2
[2017-02-07 12:37:40] EDIT gestionale/views/default/scadenziario.html: -4
[2017-02-07 12:39:24] CREATE default/return_scadenziario.html: 0
[2017-02-07 12:39:35] EDIT gestionale/views/default/return_scadenziario.html: -2
[2017-02-07 12:42:06] EDIT gestionale/views/default/scadenziario.html: 0
[2017-02-07 12:49:13] EDIT gestionale/views/default/scadenziario.html: 5
[2017-02-07 12:49:59] EDIT gestionale/views/default/scadenziario.html: 0
[2017-02-07 12:51:57] EDIT gestionale/views/default/scadenziario.html: 0
[2017-02-07 12:52:31] EDIT gestionale/views/default/scadenziario.html: 0
[2017-02-07 13:04:09] EDIT gestionale/views/default/scadenziario.html: 0
[2017-02-07 13:05:33] EDIT gestionale/views/default/scadenziario.html: 1
[2017-02-07 13:09:52] EDIT gestionale/views/default/scadenziario.html: -1
[2017-02-07 13:13:20] EDIT gestionale/views/default/scadenziario.html: 0
[2017-02-07 13:13:52] EDIT gestionale/views/default/scadenziario.html: 0
[2017-02-07 13:17:06] EDIT gestionale/views/default/scadenziario.html: 3
[2017-02-07 13:17:42] EDIT gestionale/views/default/scadenziario.html: -1
[2017-02-07 13:19:51] EDIT gestionale/views/default/return_scadenziario.html: 0
[2017-02-07 13:24:38] EDIT gestionale/views/default/return_scadenziario.html: 0
[2017-02-07 13:25:36] EDIT gestionale/views/default/scadenziario.html: -1
[2017-02-07 13:26:50] EDIT gestionale/views/default/scadenziario.html: -2
[2017-02-07 13:27:16] EDIT gestionale/views/default/scadenziario.html: 1
[2017-02-07 13:40:15] EDIT gestionale/views/default/ordini_clienti.html: 0
[2017-02-07 14:21:44] EDIT gestionale/views/default/return_scadenziario.html: 0
[2017-02-07 15:05:55] EDIT gestionale/models/db.py: 1
[2017-02-07 15:36:05] EDIT gestionale/models/db.py: 0
[2017-02-07 15:38:22] EDIT gestionale/models/db.py: 0
[2017-02-07 15:38:43] EDIT gestionale/models/db.py: 0
[2017-02-07 15:39:16] EDIT gestionale/models/db.py: -1
[2017-02-07 15:39:25] EDIT gestionale/models/db.py: 1
[2017-02-07 15:40:00] EDIT gestionale/models/db.py: 0
[2017-02-07 15:40:38] EDIT gestionale/models/db.py: 0
[2017-02-07 15:41:11] EDIT gestionale/models/db.py: 0
[2017-02-07 16:00:54] EDIT gestionale/models/menu.py: 1
[2017-02-07 16:01:15] CREATE default/ristampa_ddt_clienti.html: 0
[2017-02-07 16:03:26] EDIT gestionale/models/menu.py: -1
[2017-02-07 16:08:57] EDIT gestionale/models/db.py: 3
[2017-02-07 16:12:59] CREATE default/aspetto_esteriore_dei_beni.html: 0
[2017-02-07 16:13:05] CREATE default/causali.html: 0
[2017-02-07 16:13:09] CREATE default/porto.html: 0
[2017-02-07 16:13:30] EDIT gestionale/views/default/porto.html: 0
[2017-02-07 16:13:43] EDIT gestionale/views/default/causali.html: 0
[2017-02-07 16:13:55] EDIT gestionale/views/default/aspetto_esteriore_dei_beni.html: 0
[2017-02-07 16:14:45] EDIT gestionale/models/menu.py: 3
[2017-02-07 16:15:22] EDIT gestionale/models/db.py: 0
[2017-02-07 16:22:49] EDIT gestionale/views/default/ddt_clienti_2.html: 12
[2017-02-07 16:23:39] EDIT gestionale/views/default/ddt_clienti_2.html: 1
[2017-02-07 16:24:11] EDIT gestionale/views/default/ddt_clienti_2.html: -1
[2017-02-09 09:22:38] EDIT gestionale/views/default/ordini_fornitori.html: 10
[2017-02-09 09:23:40] EDIT gestionale/static/js/gestionale.js: 5
[2017-02-09 10:22:40] EDIT gestionale/models/db.py: 0
[2017-02-09 11:03:19] EDIT gestionale/views/default/ordini_fornitori.html: 0
[2017-02-09 14:17:10] EDIT gestionale/views/default/aggiungi_righe_a_ordini_clienti.html: 6
[2017-02-09 15:11:38] EDIT gestionale/models/db.py: 4
[2017-02-09 15:17:20] EDIT gestionale/models/db.py: 4
[2017-02-09 15:18:31] EDIT gestionale/models/db.py: 0
[2017-02-09 15:19:59] EDIT gestionale/models/db.py: 0
[2017-02-09 15:23:29] EDIT gestionale/models/menu.py: 1
[2017-02-09 15:24:18] CREATE default/vettori.html: 0
[2017-02-09 15:24:33] EDIT gestionale/views/default/vettori.html: 0
[2017-02-09 15:26:09] EDIT gestionale/models/db.py: 1
[2017-02-09 15:30:04] EDIT gestionale/models/db.py: 4
[2017-02-09 15:57:05] EDIT gestionale/models/db.py: 0
[2017-02-10 14:08:44] EDIT gestionale/views/default/aggiungi_righe_a_ordini_clienti.html: 0
[2017-02-10 14:09:16] EDIT gestionale/views/default/aggiungi_righe_a_ordini_clienti.html: 0
[2017-02-10 14:09:23] EDIT gestionale/views/default/aggiungi_righe_a_ordini_clienti.html: 0
[2017-02-10 14:10:05] EDIT gestionale/views/default/aggiungi_righe_a_ordini_clienti.html: 0
[2017-02-10 14:10:25] EDIT gestionale/views/default/aggiungi_righe_a_ordini_clienti.html: 2
[2017-02-10 16:00:58] EDIT gestionale/models/db.py: 0
[2017-02-10 16:02:22] EDIT gestionale/models/db.py: 0
[2017-02-10 16:05:16] EDIT gestionale/models/db.py: 0
[2017-02-10 16:36:44] EDIT gestionale/models/db.py: 0
[2017-02-10 16:38:03] EDIT gestionale/models/db.py: 0
